2024-05-02 21:42:26 INFO  LoginRequiredFilter:21 - Filter is working command= login
2024-05-02 21:42:26 INFO  ControllerServlet:46 - command = login
2024-05-02 21:42:26 INFO  ConnectionPool:99 - Connection was released, the are free connection 1
2024-05-02 21:42:26 INFO  LoginCommand:51 - user has been authorized: login:Optional[Eugene] password:Optional[1111]
2024-05-02 21:42:26 INFO  ControllerServlet:46 - command = welcome
2024-05-02 21:42:26 INFO  ConnectionPool:99 - Connection was released, the are free connection 1
2024-05-02 21:42:53 INFO  LoginRequiredFilter:21 - Filter is working command= add_new_class
2024-05-02 21:42:53 INFO  ControllerServlet:46 - command = add_new_class
2024-05-02 21:42:53 INFO  AbstractRepository:89 - SQLServerPreparedStatement:3
2024-05-02 21:42:53 INFO  ConnectionPool:99 - Connection was released, the are free connection 1
2024-05-02 21:42:53 INFO  ConnectionPool:99 - Connection was released, the are free connection 1
2024-05-02 21:42:57 INFO  LoginRequiredFilter:21 - Filter is working command= remove_class
2024-05-02 21:42:57 INFO  ControllerServlet:46 - command = remove_class
2024-05-02 21:42:57 INFO  ConnectionPool:99 - Connection was released, the are free connection 1
2024-05-02 21:42:57 INFO  ConnectionPool:99 - Connection was released, the are free connection 1
2024-05-02 21:43:00 INFO  LoginRequiredFilter:21 - Filter is working command= remove_class
2024-05-02 21:43:00 INFO  ControllerServlet:46 - command = remove_class
2024-05-02 21:43:00 INFO  ConnectionPool:99 - Connection was released, the are free connection 1
2024-05-02 21:43:00 INFO  ConnectionPool:99 - Connection was released, the are free connection 1
2024-05-02 21:43:07 INFO  LoginRequiredFilter:21 - Filter is working command= remove_class
2024-05-02 21:43:07 INFO  ControllerServlet:46 - command = remove_class
2024-05-02 21:43:07 INFO  ConnectionPool:99 - Connection was released, the are free connection 1
2024-05-02 21:43:07 INFO  ConnectionPool:99 - Connection was released, the are free connection 1
2024-05-02 21:43:11 INFO  LoginRequiredFilter:21 - Filter is working command= remove_class
2024-05-02 21:43:11 INFO  ControllerServlet:46 - command = remove_class
2024-05-02 21:43:11 INFO  ConnectionPool:99 - Connection was released, the are free connection 1
2024-05-02 21:43:11 INFO  ConnectionPool:99 - Connection was released, the are free connection 1
2024-05-02 21:43:16 INFO  LoginRequiredFilter:21 - Filter is working command= remove_class
2024-05-02 21:43:16 INFO  ControllerServlet:46 - command = remove_class
2024-05-02 21:43:16 INFO  ConnectionPool:99 - Connection was released, the are free connection 1
2024-05-02 21:43:16 INFO  ConnectionPool:99 - Connection was released, the are free connection 1
2024-05-02 21:43:22 INFO  LoginRequiredFilter:21 - Filter is working command= remove_class
2024-05-02 21:43:22 INFO  ControllerServlet:46 - command = remove_class
2024-05-02 21:43:22 INFO  ConnectionPool:99 - Connection was released, the are free connection 1
2024-05-02 21:43:22 INFO  ConnectionPool:99 - Connection was released, the are free connection 1
2024-05-02 21:43:41 INFO  LoginRequiredFilter:21 - Filter is working command= add_new_class
2024-05-02 21:43:41 INFO  ControllerServlet:46 - command = add_new_class
2024-05-02 21:43:41 INFO  AbstractRepository:89 - SQLServerPreparedStatement:17
2024-05-02 21:43:41 INFO  ConnectionPool:99 - Connection was released, the are free connection 1
2024-05-02 21:43:41 INFO  ConnectionPool:99 - Connection was released, the are free connection 1
2024-05-02 22:26:55 INFO  LoginRequiredFilter:21 - Filter is working command= login
2024-05-02 22:26:55 INFO  ControllerServlet:46 - command = login
2024-05-02 22:27:26 ERROR ConnectionPool:79 - Pool can not initialize
com.microsoft.sqlserver.jdbc.SQLServerException: Connection reset ClientConnectionId:6842dd7c-90f4-4752-8df8-561584464909
	at com.microsoft.sqlserver.jdbc.SQLServerConnection.terminate(SQLServerConnection.java:3937)
	at com.microsoft.sqlserver.jdbc.TDSChannel.read(IOBuffer.java:2162)
	at com.microsoft.sqlserver.jdbc.SQLServerConnection.prelogin(SQLServerConnection.java:3647)
	at com.microsoft.sqlserver.jdbc.SQLServerConnection.connectHelper(SQLServerConnection.java:3452)
	at com.microsoft.sqlserver.jdbc.SQLServerConnection.login(SQLServerConnection.java:3077)
	at com.microsoft.sqlserver.jdbc.SQLServerConnection.connectInternal(SQLServerConnection.java:2919)
	at com.microsoft.sqlserver.jdbc.SQLServerConnection.connect(SQLServerConnection.java:1787)
	at com.microsoft.sqlserver.jdbc.SQLServerDriver.connect(SQLServerDriver.java:1229)
	at java.sql/java.sql.DriverManager.getConnection(DriverManager.java:683)
	at java.sql/java.sql.DriverManager.getConnection(DriverManager.java:230)
	at org.example.laba_13.Connection.ConnectionPool.init(ConnectionPool.java:76)
	at org.example.laba_13.Connection.ConnectionPool.<init>(ConnectionPool.java:46)
	at org.example.laba_13.Connection.ConnectionPool.getInstance(ConnectionPool.java:30)
	at org.example.laba_13.Repository.RepositoryCreator.<init>(RepositoryCreator.java:10)
	at org.example.laba_13.services.UserService.login(UserService.java:17)
	at org.example.laba_13.Command.LoginCommand.initializeUserIfExist(LoginCommand.java:58)
	at org.example.laba_13.Command.LoginCommand.execute(LoginCommand.java:45)
	at org.example.laba_13.Controller.ControllerServlet.processRequest(ControllerServlet.java:52)
	at org.example.laba_13.Controller.ControllerServlet.doPost(ControllerServlet.java:39)
	at jakarta.servlet.http.HttpServlet.service(HttpServlet.java:547)
	at jakarta.servlet.http.HttpServlet.service(HttpServlet.java:614)
	at org.apache.catalina.core.StandardWrapper.service(StandardWrapper.java:1368)
	at org.apache.catalina.core.ApplicationFilterChain.internalDoFilter(ApplicationFilterChain.java:297)
	at org.apache.catalina.core.ApplicationFilterChain.doFilter(ApplicationFilterChain.java:167)
	at org.example.laba_13.Filters.LoginRequiredFilter.doFilter(LoginRequiredFilter.java:27)
	at org.apache.catalina.core.ApplicationFilterChain.internalDoFilter(ApplicationFilterChain.java:209)
	at org.apache.catalina.core.ApplicationFilterChain.doFilter(ApplicationFilterChain.java:167)
	at org.example.laba_13.EncodingFilter.doFilter(EncodingFilter.java:19)
	at org.apache.catalina.core.ApplicationFilterChain.internalDoFilter(ApplicationFilterChain.java:209)
	at org.apache.catalina.core.ApplicationFilterChain.doFilter(ApplicationFilterChain.java:167)
	at org.apache.catalina.core.StandardWrapperValve.invoke(StandardWrapperValve.java:198)
	at org.apache.catalina.core.StandardContextValve.invoke(StandardContextValve.java:118)
	at org.apache.catalina.core.StandardPipeline.doInvoke(StandardPipeline.java:563)
	at org.apache.catalina.core.StandardPipeline.invoke(StandardPipeline.java:504)
	at com.sun.enterprise.web.WebPipeline.invoke(WebPipeline.java:71)
	at org.apache.catalina.core.StandardHostValve.invoke(StandardHostValve.java:121)
	at org.apache.catalina.connector.CoyoteAdapter.doService(CoyoteAdapter.java:293)
	at org.apache.catalina.connector.CoyoteAdapter.service(CoyoteAdapter.java:186)
	at com.sun.enterprise.v3.services.impl.ContainerMapper$HttpHandlerCallable.call(ContainerMapper.java:425)
	at com.sun.enterprise.v3.services.impl.ContainerMapper.service(ContainerMapper.java:144)
	at org.glassfish.grizzly.http.server.HttpHandler.runService(HttpHandler.java:174)
	at org.glassfish.grizzly.http.server.HttpHandler.doHandle(HttpHandler.java:153)
	at org.glassfish.grizzly.http.server.HttpServerFilter.handleRead(HttpServerFilter.java:196)
	at org.glassfish.grizzly.filterchain.ExecutorResolver$9.execute(ExecutorResolver.java:88)
	at org.glassfish.grizzly.filterchain.DefaultFilterChain.executeFilter(DefaultFilterChain.java:246)
	at org.glassfish.grizzly.filterchain.DefaultFilterChain.executeChainPart(DefaultFilterChain.java:178)
	at org.glassfish.grizzly.filterchain.DefaultFilterChain.execute(DefaultFilterChain.java:118)
	at org.glassfish.grizzly.filterchain.DefaultFilterChain.process(DefaultFilterChain.java:96)
	at org.glassfish.grizzly.ProcessorExecutor.execute(ProcessorExecutor.java:51)
	at org.glassfish.grizzly.nio.transport.TCPNIOTransport.fireIOEvent(TCPNIOTransport.java:510)
	at org.glassfish.grizzly.strategies.AbstractIOStrategy.fireIOEvent(AbstractIOStrategy.java:82)
	at org.glassfish.grizzly.strategies.WorkerThreadIOStrategy.run0(WorkerThreadIOStrategy.java:83)
	at org.glassfish.grizzly.strategies.WorkerThreadIOStrategy$WorkerThreadRunnable.run(WorkerThreadIOStrategy.java:101)
	at org.glassfish.grizzly.threadpool.AbstractThreadPool$Worker.doWork(AbstractThreadPool.java:535)
	at org.glassfish.grizzly.threadpool.AbstractThreadPool$Worker.run(AbstractThreadPool.java:515)
	at java.base/java.lang.Thread.run(Thread.java:1583)
Caused by: java.net.SocketException: Connection reset
	at java.base/sun.nio.ch.NioSocketImpl.implRead(NioSocketImpl.java:318)
	at java.base/sun.nio.ch.NioSocketImpl.read(NioSocketImpl.java:346)
	at java.base/sun.nio.ch.NioSocketImpl$1.read(NioSocketImpl.java:796)
	at java.base/java.net.Socket$SocketInputStream.read(Socket.java:1099)
	at com.microsoft.sqlserver.jdbc.TDSChannel$ProxyInputStream.readInternal(IOBuffer.java:1193)
	at com.microsoft.sqlserver.jdbc.TDSChannel$ProxyInputStream.read(IOBuffer.java:1179)
	at com.microsoft.sqlserver.jdbc.TDSChannel.read(IOBuffer.java:2151)
	... 54 more
2024-05-02 22:27:26 ERROR ConnectionPool:33 - Can not get Instance
java.lang.RuntimeException: Pool can not initialize
	at org.example.laba_13.Connection.ConnectionPool.init(ConnectionPool.java:80)
	at org.example.laba_13.Connection.ConnectionPool.<init>(ConnectionPool.java:46)
	at org.example.laba_13.Connection.ConnectionPool.getInstance(ConnectionPool.java:30)
	at org.example.laba_13.Repository.RepositoryCreator.<init>(RepositoryCreator.java:10)
	at org.example.laba_13.services.UserService.login(UserService.java:17)
	at org.example.laba_13.Command.LoginCommand.initializeUserIfExist(LoginCommand.java:58)
	at org.example.laba_13.Command.LoginCommand.execute(LoginCommand.java:45)
	at org.example.laba_13.Controller.ControllerServlet.processRequest(ControllerServlet.java:52)
	at org.example.laba_13.Controller.ControllerServlet.doPost(ControllerServlet.java:39)
	at jakarta.servlet.http.HttpServlet.service(HttpServlet.java:547)
	at jakarta.servlet.http.HttpServlet.service(HttpServlet.java:614)
	at org.apache.catalina.core.StandardWrapper.service(StandardWrapper.java:1368)
	at org.apache.catalina.core.ApplicationFilterChain.internalDoFilter(ApplicationFilterChain.java:297)
	at org.apache.catalina.core.ApplicationFilterChain.doFilter(ApplicationFilterChain.java:167)
	at org.example.laba_13.Filters.LoginRequiredFilter.doFilter(LoginRequiredFilter.java:27)
	at org.apache.catalina.core.ApplicationFilterChain.internalDoFilter(ApplicationFilterChain.java:209)
	at org.apache.catalina.core.ApplicationFilterChain.doFilter(ApplicationFilterChain.java:167)
	at org.example.laba_13.EncodingFilter.doFilter(EncodingFilter.java:19)
	at org.apache.catalina.core.ApplicationFilterChain.internalDoFilter(ApplicationFilterChain.java:209)
	at org.apache.catalina.core.ApplicationFilterChain.doFilter(ApplicationFilterChain.java:167)
	at org.apache.catalina.core.StandardWrapperValve.invoke(StandardWrapperValve.java:198)
	at org.apache.catalina.core.StandardContextValve.invoke(StandardContextValve.java:118)
	at org.apache.catalina.core.StandardPipeline.doInvoke(StandardPipeline.java:563)
	at org.apache.catalina.core.StandardPipeline.invoke(StandardPipeline.java:504)
	at com.sun.enterprise.web.WebPipeline.invoke(WebPipeline.java:71)
	at org.apache.catalina.core.StandardHostValve.invoke(StandardHostValve.java:121)
	at org.apache.catalina.connector.CoyoteAdapter.doService(CoyoteAdapter.java:293)
	at org.apache.catalina.connector.CoyoteAdapter.service(CoyoteAdapter.java:186)
	at com.sun.enterprise.v3.services.impl.ContainerMapper$HttpHandlerCallable.call(ContainerMapper.java:425)
	at com.sun.enterprise.v3.services.impl.ContainerMapper.service(ContainerMapper.java:144)
	at org.glassfish.grizzly.http.server.HttpHandler.runService(HttpHandler.java:174)
	at org.glassfish.grizzly.http.server.HttpHandler.doHandle(HttpHandler.java:153)
	at org.glassfish.grizzly.http.server.HttpServerFilter.handleRead(HttpServerFilter.java:196)
	at org.glassfish.grizzly.filterchain.ExecutorResolver$9.execute(ExecutorResolver.java:88)
	at org.glassfish.grizzly.filterchain.DefaultFilterChain.executeFilter(DefaultFilterChain.java:246)
	at org.glassfish.grizzly.filterchain.DefaultFilterChain.executeChainPart(DefaultFilterChain.java:178)
	at org.glassfish.grizzly.filterchain.DefaultFilterChain.execute(DefaultFilterChain.java:118)
	at org.glassfish.grizzly.filterchain.DefaultFilterChain.process(DefaultFilterChain.java:96)
	at org.glassfish.grizzly.ProcessorExecutor.execute(ProcessorExecutor.java:51)
	at org.glassfish.grizzly.nio.transport.TCPNIOTransport.fireIOEvent(TCPNIOTransport.java:510)
	at org.glassfish.grizzly.strategies.AbstractIOStrategy.fireIOEvent(AbstractIOStrategy.java:82)
	at org.glassfish.grizzly.strategies.WorkerThreadIOStrategy.run0(WorkerThreadIOStrategy.java:83)
	at org.glassfish.grizzly.strategies.WorkerThreadIOStrategy$WorkerThreadRunnable.run(WorkerThreadIOStrategy.java:101)
	at org.glassfish.grizzly.threadpool.AbstractThreadPool$Worker.doWork(AbstractThreadPool.java:535)
	at org.glassfish.grizzly.threadpool.AbstractThreadPool$Worker.run(AbstractThreadPool.java:515)
	at java.base/java.lang.Thread.run(Thread.java:1583)
Caused by: com.microsoft.sqlserver.jdbc.SQLServerException: Connection reset ClientConnectionId:6842dd7c-90f4-4752-8df8-561584464909
	at com.microsoft.sqlserver.jdbc.SQLServerConnection.terminate(SQLServerConnection.java:3937)
	at com.microsoft.sqlserver.jdbc.TDSChannel.read(IOBuffer.java:2162)
	at com.microsoft.sqlserver.jdbc.SQLServerConnection.prelogin(SQLServerConnection.java:3647)
	at com.microsoft.sqlserver.jdbc.SQLServerConnection.connectHelper(SQLServerConnection.java:3452)
	at com.microsoft.sqlserver.jdbc.SQLServerConnection.login(SQLServerConnection.java:3077)
	at com.microsoft.sqlserver.jdbc.SQLServerConnection.connectInternal(SQLServerConnection.java:2919)
	at com.microsoft.sqlserver.jdbc.SQLServerConnection.connect(SQLServerConnection.java:1787)
	at com.microsoft.sqlserver.jdbc.SQLServerDriver.connect(SQLServerDriver.java:1229)
	at java.sql/java.sql.DriverManager.getConnection(DriverManager.java:683)
	at java.sql/java.sql.DriverManager.getConnection(DriverManager.java:230)
	at org.example.laba_13.Connection.ConnectionPool.init(ConnectionPool.java:76)
	... 45 more
Caused by: java.net.SocketException: Connection reset
	at java.base/sun.nio.ch.NioSocketImpl.implRead(NioSocketImpl.java:318)
	at java.base/sun.nio.ch.NioSocketImpl.read(NioSocketImpl.java:346)
	at java.base/sun.nio.ch.NioSocketImpl$1.read(NioSocketImpl.java:796)
	at java.base/java.net.Socket$SocketInputStream.read(Socket.java:1099)
	at com.microsoft.sqlserver.jdbc.TDSChannel$ProxyInputStream.readInternal(IOBuffer.java:1193)
	at com.microsoft.sqlserver.jdbc.TDSChannel$ProxyInputStream.read(IOBuffer.java:1179)
	at com.microsoft.sqlserver.jdbc.TDSChannel.read(IOBuffer.java:2151)
	... 54 more
2024-05-02 22:28:10 ERROR ConnectionPool:79 - Pool can not initialize
com.microsoft.sqlserver.jdbc.SQLServerException: Connection reset ClientConnectionId:395bb32a-798d-4a88-81b1-ae9cb10024f3
	at com.microsoft.sqlserver.jdbc.SQLServerConnection.terminate(SQLServerConnection.java:3937)
	at com.microsoft.sqlserver.jdbc.TDSChannel.read(IOBuffer.java:2162)
	at com.microsoft.sqlserver.jdbc.SQLServerConnection.prelogin(SQLServerConnection.java:3647)
	at com.microsoft.sqlserver.jdbc.SQLServerConnection.connectHelper(SQLServerConnection.java:3452)
	at com.microsoft.sqlserver.jdbc.SQLServerConnection.login(SQLServerConnection.java:3077)
	at com.microsoft.sqlserver.jdbc.SQLServerConnection.connectInternal(SQLServerConnection.java:2919)
	at com.microsoft.sqlserver.jdbc.SQLServerConnection.connect(SQLServerConnection.java:1787)
	at com.microsoft.sqlserver.jdbc.SQLServerDriver.connect(SQLServerDriver.java:1229)
	at java.sql/java.sql.DriverManager.getConnection(DriverManager.java:683)
	at java.sql/java.sql.DriverManager.getConnection(DriverManager.java:230)
	at org.example.laba_13.Connection.ConnectionPool.init(ConnectionPool.java:76)
	at org.example.laba_13.Connection.ConnectionPool.<init>(ConnectionPool.java:46)
	at org.example.laba_13.Connection.ConnectionPool.getInstance(ConnectionPool.java:30)
	at org.example.laba_13.Controller.ControllerServlet.destroy(ControllerServlet.java:29)
	at org.apache.catalina.core.StandardWrapper.unload(StandardWrapper.java:1542)
	at org.apache.catalina.core.StandardWrapper.stop(StandardWrapper.java:1805)
	at org.apache.catalina.core.StandardContext.stop(StandardContext.java:4685)
	at com.sun.enterprise.web.WebModule.stop(WebModule.java:581)
	at org.apache.catalina.core.ContainerBase.removeChild(ContainerBase.java:1075)
	at com.sun.enterprise.web.WebContainer.unloadWebModule(WebContainer.java:1924)
	at com.sun.enterprise.web.WebContainer.unloadWebModule(WebContainer.java:1886)
	at com.sun.enterprise.web.WebApplication.stop(WebApplication.java:139)
	at org.glassfish.internal.data.EngineRef.stop(EngineRef.java:135)
	at org.glassfish.internal.data.ModuleInfo.stop(ModuleInfo.java:296)
	at org.glassfish.internal.data.ApplicationInfo.stop(ApplicationInfo.java:383)
	at com.sun.enterprise.v3.server.ApplicationLifecycle.unload(ApplicationLifecycle.java:1112)
	at com.sun.enterprise.v3.server.ApplicationLifecycle.disable(ApplicationLifecycle.java:2142)
	at com.sun.enterprise.v3.server.ApplicationLifecycle.disable(ApplicationLifecycle.java:152)
	at org.glassfish.deployment.admin.DisableCommand.execute(DisableCommand.java:354)
	at com.sun.enterprise.v3.admin.CommandRunnerImpl$2$1.run(CommandRunnerImpl.java:569)
	at com.sun.enterprise.v3.admin.CommandRunnerImpl$2$1.run(CommandRunnerImpl.java:565)
	at java.base/java.security.AccessController.doPrivileged(AccessController.java:400)
	at java.base/javax.security.auth.Subject.doAs(Subject.java:453)
	at com.sun.enterprise.v3.admin.CommandRunnerImpl$2.execute(CommandRunnerImpl.java:564)
	at com.sun.enterprise.v3.admin.CommandRunnerImpl$3.run(CommandRunnerImpl.java:595)
	at com.sun.enterprise.v3.admin.CommandRunnerImpl$3.run(CommandRunnerImpl.java:587)
	at java.base/java.security.AccessController.doPrivileged(AccessController.java:400)
	at java.base/javax.security.auth.Subject.doAs(Subject.java:453)
	at com.sun.enterprise.v3.admin.CommandRunnerImpl.doCommand(CommandRunnerImpl.java:586)
	at com.sun.enterprise.v3.admin.CommandRunnerImpl.doCommand(CommandRunnerImpl.java:1477)
	at com.sun.enterprise.v3.admin.CommandRunnerImpl$ExecutionContext.execute(CommandRunnerImpl.java:1846)
	at com.sun.enterprise.v3.admin.CommandRunnerImpl$ExecutionContext.execute(CommandRunnerImpl.java:1722)
	at org.glassfish.deployment.admin.UndeployCommand.execute(UndeployCommand.java:353)
	at com.sun.enterprise.v3.admin.CommandRunnerImpl$2$1.run(CommandRunnerImpl.java:569)
	at com.sun.enterprise.v3.admin.CommandRunnerImpl$2$1.run(CommandRunnerImpl.java:565)
	at java.base/java.security.AccessController.doPrivileged(AccessController.java:400)
	at java.base/javax.security.auth.Subject.doAs(Subject.java:453)
	at com.sun.enterprise.v3.admin.CommandRunnerImpl$2.execute(CommandRunnerImpl.java:564)
	at com.sun.enterprise.v3.admin.CommandRunnerImpl$3.run(CommandRunnerImpl.java:595)
	at com.sun.enterprise.v3.admin.CommandRunnerImpl$3.run(CommandRunnerImpl.java:587)
	at java.base/java.security.AccessController.doPrivileged(AccessController.java:400)
	at java.base/javax.security.auth.Subject.doAs(Subject.java:453)
	at com.sun.enterprise.v3.admin.CommandRunnerImpl.doCommand(CommandRunnerImpl.java:586)
	at com.sun.enterprise.v3.admin.CommandRunnerImpl.doCommand(CommandRunnerImpl.java:1477)
	at com.sun.enterprise.v3.admin.CommandRunnerImpl$ExecutionContext.execute(CommandRunnerImpl.java:1846)
	at com.sun.enterprise.v3.admin.CommandRunnerImpl$ExecutionContext.execute(CommandRunnerImpl.java:1722)
	at com.sun.enterprise.v3.admin.AdminAdapter.doCommand(AdminAdapter.java:536)
	at com.sun.enterprise.v3.admin.AdminAdapter.onMissingResource(AdminAdapter.java:223)
	at org.glassfish.grizzly.http.server.StaticHttpHandlerBase.service(StaticHttpHandlerBase.java:150)
	at com.sun.enterprise.v3.services.impl.ContainerMapper$HttpHandlerCallable.call(ContainerMapper.java:425)
	at com.sun.enterprise.v3.services.impl.ContainerMapper.service(ContainerMapper.java:144)
	at org.glassfish.grizzly.http.server.HttpHandler.runService(HttpHandler.java:174)
	at org.glassfish.grizzly.http.server.HttpHandler.doHandle(HttpHandler.java:153)
	at org.glassfish.grizzly.http.server.HttpServerFilter.handleRead(HttpServerFilter.java:196)
	at org.glassfish.grizzly.filterchain.ExecutorResolver$9.execute(ExecutorResolver.java:88)
	at org.glassfish.grizzly.filterchain.DefaultFilterChain.executeFilter(DefaultFilterChain.java:246)
	at org.glassfish.grizzly.filterchain.DefaultFilterChain.executeChainPart(DefaultFilterChain.java:178)
	at org.glassfish.grizzly.filterchain.DefaultFilterChain.execute(DefaultFilterChain.java:118)
	at org.glassfish.grizzly.filterchain.DefaultFilterChain.process(DefaultFilterChain.java:96)
	at org.glassfish.grizzly.ProcessorExecutor.execute(ProcessorExecutor.java:51)
	at org.glassfish.grizzly.nio.transport.TCPNIOTransport.fireIOEvent(TCPNIOTransport.java:510)
	at org.glassfish.grizzly.strategies.AbstractIOStrategy.fireIOEvent(AbstractIOStrategy.java:82)
	at org.glassfish.grizzly.strategies.WorkerThreadIOStrategy.run0(WorkerThreadIOStrategy.java:83)
	at org.glassfish.grizzly.strategies.WorkerThreadIOStrategy$WorkerThreadRunnable.run(WorkerThreadIOStrategy.java:101)
	at org.glassfish.grizzly.threadpool.AbstractThreadPool$Worker.doWork(AbstractThreadPool.java:535)
	at org.glassfish.grizzly.threadpool.AbstractThreadPool$Worker.run(AbstractThreadPool.java:515)
	at java.base/java.lang.Thread.run(Thread.java:1583)
Caused by: java.net.SocketException: Connection reset
	at java.base/sun.nio.ch.NioSocketImpl.implRead(NioSocketImpl.java:318)
	at java.base/sun.nio.ch.NioSocketImpl.read(NioSocketImpl.java:346)
	at java.base/sun.nio.ch.NioSocketImpl$1.read(NioSocketImpl.java:796)
	at java.base/java.net.Socket$SocketInputStream.read(Socket.java:1099)
	at com.microsoft.sqlserver.jdbc.TDSChannel$ProxyInputStream.readInternal(IOBuffer.java:1193)
	at com.microsoft.sqlserver.jdbc.TDSChannel$ProxyInputStream.read(IOBuffer.java:1179)
	at com.microsoft.sqlserver.jdbc.TDSChannel.read(IOBuffer.java:2151)
	... 75 more
2024-05-02 22:28:10 ERROR ConnectionPool:33 - Can not get Instance
java.lang.RuntimeException: Pool can not initialize
	at org.example.laba_13.Connection.ConnectionPool.init(ConnectionPool.java:80)
	at org.example.laba_13.Connection.ConnectionPool.<init>(ConnectionPool.java:46)
	at org.example.laba_13.Connection.ConnectionPool.getInstance(ConnectionPool.java:30)
	at org.example.laba_13.Controller.ControllerServlet.destroy(ControllerServlet.java:29)
	at org.apache.catalina.core.StandardWrapper.unload(StandardWrapper.java:1542)
	at org.apache.catalina.core.StandardWrapper.stop(StandardWrapper.java:1805)
	at org.apache.catalina.core.StandardContext.stop(StandardContext.java:4685)
	at com.sun.enterprise.web.WebModule.stop(WebModule.java:581)
	at org.apache.catalina.core.ContainerBase.removeChild(ContainerBase.java:1075)
	at com.sun.enterprise.web.WebContainer.unloadWebModule(WebContainer.java:1924)
	at com.sun.enterprise.web.WebContainer.unloadWebModule(WebContainer.java:1886)
	at com.sun.enterprise.web.WebApplication.stop(WebApplication.java:139)
	at org.glassfish.internal.data.EngineRef.stop(EngineRef.java:135)
	at org.glassfish.internal.data.ModuleInfo.stop(ModuleInfo.java:296)
	at org.glassfish.internal.data.ApplicationInfo.stop(ApplicationInfo.java:383)
	at com.sun.enterprise.v3.server.ApplicationLifecycle.unload(ApplicationLifecycle.java:1112)
	at com.sun.enterprise.v3.server.ApplicationLifecycle.disable(ApplicationLifecycle.java:2142)
	at com.sun.enterprise.v3.server.ApplicationLifecycle.disable(ApplicationLifecycle.java:152)
	at org.glassfish.deployment.admin.DisableCommand.execute(DisableCommand.java:354)
	at com.sun.enterprise.v3.admin.CommandRunnerImpl$2$1.run(CommandRunnerImpl.java:569)
	at com.sun.enterprise.v3.admin.CommandRunnerImpl$2$1.run(CommandRunnerImpl.java:565)
	at java.base/java.security.AccessController.doPrivileged(AccessController.java:400)
	at java.base/javax.security.auth.Subject.doAs(Subject.java:453)
	at com.sun.enterprise.v3.admin.CommandRunnerImpl$2.execute(CommandRunnerImpl.java:564)
	at com.sun.enterprise.v3.admin.CommandRunnerImpl$3.run(CommandRunnerImpl.java:595)
	at com.sun.enterprise.v3.admin.CommandRunnerImpl$3.run(CommandRunnerImpl.java:587)
	at java.base/java.security.AccessController.doPrivileged(AccessController.java:400)
	at java.base/javax.security.auth.Subject.doAs(Subject.java:453)
	at com.sun.enterprise.v3.admin.CommandRunnerImpl.doCommand(CommandRunnerImpl.java:586)
	at com.sun.enterprise.v3.admin.CommandRunnerImpl.doCommand(CommandRunnerImpl.java:1477)
	at com.sun.enterprise.v3.admin.CommandRunnerImpl$ExecutionContext.execute(CommandRunnerImpl.java:1846)
	at com.sun.enterprise.v3.admin.CommandRunnerImpl$ExecutionContext.execute(CommandRunnerImpl.java:1722)
	at org.glassfish.deployment.admin.UndeployCommand.execute(UndeployCommand.java:353)
	at com.sun.enterprise.v3.admin.CommandRunnerImpl$2$1.run(CommandRunnerImpl.java:569)
	at com.sun.enterprise.v3.admin.CommandRunnerImpl$2$1.run(CommandRunnerImpl.java:565)
	at java.base/java.security.AccessController.doPrivileged(AccessController.java:400)
	at java.base/javax.security.auth.Subject.doAs(Subject.java:453)
	at com.sun.enterprise.v3.admin.CommandRunnerImpl$2.execute(CommandRunnerImpl.java:564)
	at com.sun.enterprise.v3.admin.CommandRunnerImpl$3.run(CommandRunnerImpl.java:595)
	at com.sun.enterprise.v3.admin.CommandRunnerImpl$3.run(CommandRunnerImpl.java:587)
	at java.base/java.security.AccessController.doPrivileged(AccessController.java:400)
	at java.base/javax.security.auth.Subject.doAs(Subject.java:453)
	at com.sun.enterprise.v3.admin.CommandRunnerImpl.doCommand(CommandRunnerImpl.java:586)
	at com.sun.enterprise.v3.admin.CommandRunnerImpl.doCommand(CommandRunnerImpl.java:1477)
	at com.sun.enterprise.v3.admin.CommandRunnerImpl$ExecutionContext.execute(CommandRunnerImpl.java:1846)
	at com.sun.enterprise.v3.admin.CommandRunnerImpl$ExecutionContext.execute(CommandRunnerImpl.java:1722)
	at com.sun.enterprise.v3.admin.AdminAdapter.doCommand(AdminAdapter.java:536)
	at com.sun.enterprise.v3.admin.AdminAdapter.onMissingResource(AdminAdapter.java:223)
	at org.glassfish.grizzly.http.server.StaticHttpHandlerBase.service(StaticHttpHandlerBase.java:150)
	at com.sun.enterprise.v3.services.impl.ContainerMapper$HttpHandlerCallable.call(ContainerMapper.java:425)
	at com.sun.enterprise.v3.services.impl.ContainerMapper.service(ContainerMapper.java:144)
	at org.glassfish.grizzly.http.server.HttpHandler.runService(HttpHandler.java:174)
	at org.glassfish.grizzly.http.server.HttpHandler.doHandle(HttpHandler.java:153)
	at org.glassfish.grizzly.http.server.HttpServerFilter.handleRead(HttpServerFilter.java:196)
	at org.glassfish.grizzly.filterchain.ExecutorResolver$9.execute(ExecutorResolver.java:88)
	at org.glassfish.grizzly.filterchain.DefaultFilterChain.executeFilter(DefaultFilterChain.java:246)
	at org.glassfish.grizzly.filterchain.DefaultFilterChain.executeChainPart(DefaultFilterChain.java:178)
	at org.glassfish.grizzly.filterchain.DefaultFilterChain.execute(DefaultFilterChain.java:118)
	at org.glassfish.grizzly.filterchain.DefaultFilterChain.process(DefaultFilterChain.java:96)
	at org.glassfish.grizzly.ProcessorExecutor.execute(ProcessorExecutor.java:51)
	at org.glassfish.grizzly.nio.transport.TCPNIOTransport.fireIOEvent(TCPNIOTransport.java:510)
	at org.glassfish.grizzly.strategies.AbstractIOStrategy.fireIOEvent(AbstractIOStrategy.java:82)
	at org.glassfish.grizzly.strategies.WorkerThreadIOStrategy.run0(WorkerThreadIOStrategy.java:83)
	at org.glassfish.grizzly.strategies.WorkerThreadIOStrategy$WorkerThreadRunnable.run(WorkerThreadIOStrategy.java:101)
	at org.glassfish.grizzly.threadpool.AbstractThreadPool$Worker.doWork(AbstractThreadPool.java:535)
	at org.glassfish.grizzly.threadpool.AbstractThreadPool$Worker.run(AbstractThreadPool.java:515)
	at java.base/java.lang.Thread.run(Thread.java:1583)
Caused by: com.microsoft.sqlserver.jdbc.SQLServerException: Connection reset ClientConnectionId:395bb32a-798d-4a88-81b1-ae9cb10024f3
	at com.microsoft.sqlserver.jdbc.SQLServerConnection.terminate(SQLServerConnection.java:3937)
	at com.microsoft.sqlserver.jdbc.TDSChannel.read(IOBuffer.java:2162)
	at com.microsoft.sqlserver.jdbc.SQLServerConnection.prelogin(SQLServerConnection.java:3647)
	at com.microsoft.sqlserver.jdbc.SQLServerConnection.connectHelper(SQLServerConnection.java:3452)
	at com.microsoft.sqlserver.jdbc.SQLServerConnection.login(SQLServerConnection.java:3077)
	at com.microsoft.sqlserver.jdbc.SQLServerConnection.connectInternal(SQLServerConnection.java:2919)
	at com.microsoft.sqlserver.jdbc.SQLServerConnection.connect(SQLServerConnection.java:1787)
	at com.microsoft.sqlserver.jdbc.SQLServerDriver.connect(SQLServerDriver.java:1229)
	at java.sql/java.sql.DriverManager.getConnection(DriverManager.java:683)
	at java.sql/java.sql.DriverManager.getConnection(DriverManager.java:230)
	at org.example.laba_13.Connection.ConnectionPool.init(ConnectionPool.java:76)
	... 66 more
Caused by: java.net.SocketException: Connection reset
	at java.base/sun.nio.ch.NioSocketImpl.implRead(NioSocketImpl.java:318)
	at java.base/sun.nio.ch.NioSocketImpl.read(NioSocketImpl.java:346)
	at java.base/sun.nio.ch.NioSocketImpl$1.read(NioSocketImpl.java:796)
	at java.base/java.net.Socket$SocketInputStream.read(Socket.java:1099)
	at com.microsoft.sqlserver.jdbc.TDSChannel$ProxyInputStream.readInternal(IOBuffer.java:1193)
	at com.microsoft.sqlserver.jdbc.TDSChannel$ProxyInputStream.read(IOBuffer.java:1179)
	at com.microsoft.sqlserver.jdbc.TDSChannel.read(IOBuffer.java:2151)
	... 75 more
2024-05-02 22:28:43 INFO  LoginRequiredFilter:21 - Filter is working command= login
2024-05-02 22:28:43 INFO  ControllerServlet:46 - command = login
2024-05-02 22:28:45 INFO  ConnectionPool:99 - Connection was released, the are free connection 1
2024-05-02 22:28:45 INFO  LoginCommand:51 - user has been authorized: login:Optional[Eugene] password:Optional[1111]
2024-05-02 22:28:45 INFO  ControllerServlet:46 - command = welcome
2024-05-02 22:28:45 INFO  ConnectionPool:99 - Connection was released, the are free connection 1
2024-05-02 22:29:44 INFO  LoginRequiredFilter:21 - Filter is working command= login
2024-05-02 22:29:44 INFO  ControllerServlet:46 - command = login
2024-05-02 22:30:15 ERROR ConnectionPool:79 - Pool can not initialize
com.microsoft.sqlserver.jdbc.SQLServerException: Connection reset ClientConnectionId:284f965c-7987-484e-9a8e-2df8e14813a4
	at com.microsoft.sqlserver.jdbc.SQLServerConnection.terminate(SQLServerConnection.java:3937)
	at com.microsoft.sqlserver.jdbc.TDSChannel.read(IOBuffer.java:2162)
	at com.microsoft.sqlserver.jdbc.SQLServerConnection.prelogin(SQLServerConnection.java:3647)
	at com.microsoft.sqlserver.jdbc.SQLServerConnection.connectHelper(SQLServerConnection.java:3452)
	at com.microsoft.sqlserver.jdbc.SQLServerConnection.login(SQLServerConnection.java:3077)
	at com.microsoft.sqlserver.jdbc.SQLServerConnection.connectInternal(SQLServerConnection.java:2919)
	at com.microsoft.sqlserver.jdbc.SQLServerConnection.connect(SQLServerConnection.java:1787)
	at com.microsoft.sqlserver.jdbc.SQLServerDriver.connect(SQLServerDriver.java:1229)
	at java.sql/java.sql.DriverManager.getConnection(DriverManager.java:683)
	at java.sql/java.sql.DriverManager.getConnection(DriverManager.java:230)
	at org.example.laba_13.Connection.ConnectionPool.init(ConnectionPool.java:76)
	at org.example.laba_13.Connection.ConnectionPool.<init>(ConnectionPool.java:46)
	at org.example.laba_13.Connection.ConnectionPool.getInstance(ConnectionPool.java:30)
	at org.example.laba_13.Repository.RepositoryCreator.<init>(RepositoryCreator.java:10)
	at org.example.laba_13.services.UserService.login(UserService.java:17)
	at org.example.laba_13.Command.LoginCommand.initializeUserIfExist(LoginCommand.java:58)
	at org.example.laba_13.Command.LoginCommand.execute(LoginCommand.java:45)
	at org.example.laba_13.Controller.ControllerServlet.processRequest(ControllerServlet.java:52)
	at org.example.laba_13.Controller.ControllerServlet.doPost(ControllerServlet.java:39)
	at jakarta.servlet.http.HttpServlet.service(HttpServlet.java:547)
	at jakarta.servlet.http.HttpServlet.service(HttpServlet.java:614)
	at org.apache.catalina.core.StandardWrapper.service(StandardWrapper.java:1368)
	at org.apache.catalina.core.ApplicationFilterChain.internalDoFilter(ApplicationFilterChain.java:297)
	at org.apache.catalina.core.ApplicationFilterChain.doFilter(ApplicationFilterChain.java:167)
	at org.example.laba_13.Filters.LoginRequiredFilter.doFilter(LoginRequiredFilter.java:27)
	at org.apache.catalina.core.ApplicationFilterChain.internalDoFilter(ApplicationFilterChain.java:209)
	at org.apache.catalina.core.ApplicationFilterChain.doFilter(ApplicationFilterChain.java:167)
	at org.example.laba_13.Filters.EncodingFilter.doFilter(EncodingFilter.java:19)
	at org.apache.catalina.core.ApplicationFilterChain.internalDoFilter(ApplicationFilterChain.java:209)
	at org.apache.catalina.core.ApplicationFilterChain.doFilter(ApplicationFilterChain.java:167)
	at org.apache.catalina.core.StandardWrapperValve.invoke(StandardWrapperValve.java:198)
	at org.apache.catalina.core.StandardContextValve.invoke(StandardContextValve.java:118)
	at org.apache.catalina.core.StandardPipeline.doInvoke(StandardPipeline.java:563)
	at org.apache.catalina.core.StandardPipeline.invoke(StandardPipeline.java:504)
	at com.sun.enterprise.web.WebPipeline.invoke(WebPipeline.java:71)
	at org.apache.catalina.core.StandardHostValve.invoke(StandardHostValve.java:121)
	at org.apache.catalina.connector.CoyoteAdapter.doService(CoyoteAdapter.java:293)
	at org.apache.catalina.connector.CoyoteAdapter.service(CoyoteAdapter.java:186)
	at com.sun.enterprise.v3.services.impl.ContainerMapper$HttpHandlerCallable.call(ContainerMapper.java:425)
	at com.sun.enterprise.v3.services.impl.ContainerMapper.service(ContainerMapper.java:144)
	at org.glassfish.grizzly.http.server.HttpHandler.runService(HttpHandler.java:174)
	at org.glassfish.grizzly.http.server.HttpHandler.doHandle(HttpHandler.java:153)
	at org.glassfish.grizzly.http.server.HttpServerFilter.handleRead(HttpServerFilter.java:196)
	at org.glassfish.grizzly.filterchain.ExecutorResolver$9.execute(ExecutorResolver.java:88)
	at org.glassfish.grizzly.filterchain.DefaultFilterChain.executeFilter(DefaultFilterChain.java:246)
	at org.glassfish.grizzly.filterchain.DefaultFilterChain.executeChainPart(DefaultFilterChain.java:178)
	at org.glassfish.grizzly.filterchain.DefaultFilterChain.execute(DefaultFilterChain.java:118)
	at org.glassfish.grizzly.filterchain.DefaultFilterChain.process(DefaultFilterChain.java:96)
	at org.glassfish.grizzly.ProcessorExecutor.execute(ProcessorExecutor.java:51)
	at org.glassfish.grizzly.nio.transport.TCPNIOTransport.fireIOEvent(TCPNIOTransport.java:510)
	at org.glassfish.grizzly.strategies.AbstractIOStrategy.fireIOEvent(AbstractIOStrategy.java:82)
	at org.glassfish.grizzly.strategies.WorkerThreadIOStrategy.run0(WorkerThreadIOStrategy.java:83)
	at org.glassfish.grizzly.strategies.WorkerThreadIOStrategy$WorkerThreadRunnable.run(WorkerThreadIOStrategy.java:101)
	at org.glassfish.grizzly.threadpool.AbstractThreadPool$Worker.doWork(AbstractThreadPool.java:535)
	at org.glassfish.grizzly.threadpool.AbstractThreadPool$Worker.run(AbstractThreadPool.java:515)
	at java.base/java.lang.Thread.run(Thread.java:1583)
Caused by: java.net.SocketException: Connection reset
	at java.base/sun.nio.ch.NioSocketImpl.implRead(NioSocketImpl.java:318)
	at java.base/sun.nio.ch.NioSocketImpl.read(NioSocketImpl.java:346)
	at java.base/sun.nio.ch.NioSocketImpl$1.read(NioSocketImpl.java:796)
	at java.base/java.net.Socket$SocketInputStream.read(Socket.java:1099)
	at com.microsoft.sqlserver.jdbc.TDSChannel$ProxyInputStream.readInternal(IOBuffer.java:1193)
	at com.microsoft.sqlserver.jdbc.TDSChannel$ProxyInputStream.read(IOBuffer.java:1179)
	at com.microsoft.sqlserver.jdbc.TDSChannel.read(IOBuffer.java:2151)
	... 54 more
2024-05-02 22:30:15 ERROR ConnectionPool:33 - Can not get Instance
java.lang.RuntimeException: Pool can not initialize
	at org.example.laba_13.Connection.ConnectionPool.init(ConnectionPool.java:80)
	at org.example.laba_13.Connection.ConnectionPool.<init>(ConnectionPool.java:46)
	at org.example.laba_13.Connection.ConnectionPool.getInstance(ConnectionPool.java:30)
	at org.example.laba_13.Repository.RepositoryCreator.<init>(RepositoryCreator.java:10)
	at org.example.laba_13.services.UserService.login(UserService.java:17)
	at org.example.laba_13.Command.LoginCommand.initializeUserIfExist(LoginCommand.java:58)
	at org.example.laba_13.Command.LoginCommand.execute(LoginCommand.java:45)
	at org.example.laba_13.Controller.ControllerServlet.processRequest(ControllerServlet.java:52)
	at org.example.laba_13.Controller.ControllerServlet.doPost(ControllerServlet.java:39)
	at jakarta.servlet.http.HttpServlet.service(HttpServlet.java:547)
	at jakarta.servlet.http.HttpServlet.service(HttpServlet.java:614)
	at org.apache.catalina.core.StandardWrapper.service(StandardWrapper.java:1368)
	at org.apache.catalina.core.ApplicationFilterChain.internalDoFilter(ApplicationFilterChain.java:297)
	at org.apache.catalina.core.ApplicationFilterChain.doFilter(ApplicationFilterChain.java:167)
	at org.example.laba_13.Filters.LoginRequiredFilter.doFilter(LoginRequiredFilter.java:27)
	at org.apache.catalina.core.ApplicationFilterChain.internalDoFilter(ApplicationFilterChain.java:209)
	at org.apache.catalina.core.ApplicationFilterChain.doFilter(ApplicationFilterChain.java:167)
	at org.example.laba_13.Filters.EncodingFilter.doFilter(EncodingFilter.java:19)
	at org.apache.catalina.core.ApplicationFilterChain.internalDoFilter(ApplicationFilterChain.java:209)
	at org.apache.catalina.core.ApplicationFilterChain.doFilter(ApplicationFilterChain.java:167)
	at org.apache.catalina.core.StandardWrapperValve.invoke(StandardWrapperValve.java:198)
	at org.apache.catalina.core.StandardContextValve.invoke(StandardContextValve.java:118)
	at org.apache.catalina.core.StandardPipeline.doInvoke(StandardPipeline.java:563)
	at org.apache.catalina.core.StandardPipeline.invoke(StandardPipeline.java:504)
	at com.sun.enterprise.web.WebPipeline.invoke(WebPipeline.java:71)
	at org.apache.catalina.core.StandardHostValve.invoke(StandardHostValve.java:121)
	at org.apache.catalina.connector.CoyoteAdapter.doService(CoyoteAdapter.java:293)
	at org.apache.catalina.connector.CoyoteAdapter.service(CoyoteAdapter.java:186)
	at com.sun.enterprise.v3.services.impl.ContainerMapper$HttpHandlerCallable.call(ContainerMapper.java:425)
	at com.sun.enterprise.v3.services.impl.ContainerMapper.service(ContainerMapper.java:144)
	at org.glassfish.grizzly.http.server.HttpHandler.runService(HttpHandler.java:174)
	at org.glassfish.grizzly.http.server.HttpHandler.doHandle(HttpHandler.java:153)
	at org.glassfish.grizzly.http.server.HttpServerFilter.handleRead(HttpServerFilter.java:196)
	at org.glassfish.grizzly.filterchain.ExecutorResolver$9.execute(ExecutorResolver.java:88)
	at org.glassfish.grizzly.filterchain.DefaultFilterChain.executeFilter(DefaultFilterChain.java:246)
	at org.glassfish.grizzly.filterchain.DefaultFilterChain.executeChainPart(DefaultFilterChain.java:178)
	at org.glassfish.grizzly.filterchain.DefaultFilterChain.execute(DefaultFilterChain.java:118)
	at org.glassfish.grizzly.filterchain.DefaultFilterChain.process(DefaultFilterChain.java:96)
	at org.glassfish.grizzly.ProcessorExecutor.execute(ProcessorExecutor.java:51)
	at org.glassfish.grizzly.nio.transport.TCPNIOTransport.fireIOEvent(TCPNIOTransport.java:510)
	at org.glassfish.grizzly.strategies.AbstractIOStrategy.fireIOEvent(AbstractIOStrategy.java:82)
	at org.glassfish.grizzly.strategies.WorkerThreadIOStrategy.run0(WorkerThreadIOStrategy.java:83)
	at org.glassfish.grizzly.strategies.WorkerThreadIOStrategy$WorkerThreadRunnable.run(WorkerThreadIOStrategy.java:101)
	at org.glassfish.grizzly.threadpool.AbstractThreadPool$Worker.doWork(AbstractThreadPool.java:535)
	at org.glassfish.grizzly.threadpool.AbstractThreadPool$Worker.run(AbstractThreadPool.java:515)
	at java.base/java.lang.Thread.run(Thread.java:1583)
Caused by: com.microsoft.sqlserver.jdbc.SQLServerException: Connection reset ClientConnectionId:284f965c-7987-484e-9a8e-2df8e14813a4
	at com.microsoft.sqlserver.jdbc.SQLServerConnection.terminate(SQLServerConnection.java:3937)
	at com.microsoft.sqlserver.jdbc.TDSChannel.read(IOBuffer.java:2162)
	at com.microsoft.sqlserver.jdbc.SQLServerConnection.prelogin(SQLServerConnection.java:3647)
	at com.microsoft.sqlserver.jdbc.SQLServerConnection.connectHelper(SQLServerConnection.java:3452)
	at com.microsoft.sqlserver.jdbc.SQLServerConnection.login(SQLServerConnection.java:3077)
	at com.microsoft.sqlserver.jdbc.SQLServerConnection.connectInternal(SQLServerConnection.java:2919)
	at com.microsoft.sqlserver.jdbc.SQLServerConnection.connect(SQLServerConnection.java:1787)
	at com.microsoft.sqlserver.jdbc.SQLServerDriver.connect(SQLServerDriver.java:1229)
	at java.sql/java.sql.DriverManager.getConnection(DriverManager.java:683)
	at java.sql/java.sql.DriverManager.getConnection(DriverManager.java:230)
	at org.example.laba_13.Connection.ConnectionPool.init(ConnectionPool.java:76)
	... 45 more
Caused by: java.net.SocketException: Connection reset
	at java.base/sun.nio.ch.NioSocketImpl.implRead(NioSocketImpl.java:318)
	at java.base/sun.nio.ch.NioSocketImpl.read(NioSocketImpl.java:346)
	at java.base/sun.nio.ch.NioSocketImpl$1.read(NioSocketImpl.java:796)
	at java.base/java.net.Socket$SocketInputStream.read(Socket.java:1099)
	at com.microsoft.sqlserver.jdbc.TDSChannel$ProxyInputStream.readInternal(IOBuffer.java:1193)
	at com.microsoft.sqlserver.jdbc.TDSChannel$ProxyInputStream.read(IOBuffer.java:1179)
	at com.microsoft.sqlserver.jdbc.TDSChannel.read(IOBuffer.java:2151)
	... 54 more
2024-05-02 22:30:59 ERROR ConnectionPool:79 - Pool can not initialize
com.microsoft.sqlserver.jdbc.SQLServerException: Connection reset ClientConnectionId:1fc80980-d0c4-49f1-a2de-f876cdd88fe3
	at com.microsoft.sqlserver.jdbc.SQLServerConnection.terminate(SQLServerConnection.java:3937)
	at com.microsoft.sqlserver.jdbc.TDSChannel.read(IOBuffer.java:2162)
	at com.microsoft.sqlserver.jdbc.SQLServerConnection.prelogin(SQLServerConnection.java:3647)
	at com.microsoft.sqlserver.jdbc.SQLServerConnection.connectHelper(SQLServerConnection.java:3452)
	at com.microsoft.sqlserver.jdbc.SQLServerConnection.login(SQLServerConnection.java:3077)
	at com.microsoft.sqlserver.jdbc.SQLServerConnection.connectInternal(SQLServerConnection.java:2919)
	at com.microsoft.sqlserver.jdbc.SQLServerConnection.connect(SQLServerConnection.java:1787)
	at com.microsoft.sqlserver.jdbc.SQLServerDriver.connect(SQLServerDriver.java:1229)
	at java.sql/java.sql.DriverManager.getConnection(DriverManager.java:683)
	at java.sql/java.sql.DriverManager.getConnection(DriverManager.java:230)
	at org.example.laba_13.Connection.ConnectionPool.init(ConnectionPool.java:76)
	at org.example.laba_13.Connection.ConnectionPool.<init>(ConnectionPool.java:46)
	at org.example.laba_13.Connection.ConnectionPool.getInstance(ConnectionPool.java:30)
	at org.example.laba_13.Controller.ControllerServlet.destroy(ControllerServlet.java:29)
	at org.apache.catalina.core.StandardWrapper.unload(StandardWrapper.java:1542)
	at org.apache.catalina.core.StandardWrapper.stop(StandardWrapper.java:1805)
	at org.apache.catalina.core.StandardContext.stop(StandardContext.java:4685)
	at com.sun.enterprise.web.WebModule.stop(WebModule.java:581)
	at org.apache.catalina.core.ContainerBase.removeChild(ContainerBase.java:1075)
	at com.sun.enterprise.web.WebContainer.unloadWebModule(WebContainer.java:1924)
	at com.sun.enterprise.web.WebContainer.unloadWebModule(WebContainer.java:1886)
	at com.sun.enterprise.web.WebApplication.stop(WebApplication.java:139)
	at org.glassfish.internal.data.EngineRef.stop(EngineRef.java:135)
	at org.glassfish.internal.data.ModuleInfo.stop(ModuleInfo.java:296)
	at org.glassfish.internal.data.ApplicationInfo.stop(ApplicationInfo.java:383)
	at com.sun.enterprise.v3.server.ApplicationLifecycle.unload(ApplicationLifecycle.java:1112)
	at com.sun.enterprise.v3.server.ApplicationLifecycle.disable(ApplicationLifecycle.java:2142)
	at com.sun.enterprise.v3.server.ApplicationLifecycle.disable(ApplicationLifecycle.java:152)
	at org.glassfish.deployment.admin.DisableCommand.execute(DisableCommand.java:354)
	at com.sun.enterprise.v3.admin.CommandRunnerImpl$2$1.run(CommandRunnerImpl.java:569)
	at com.sun.enterprise.v3.admin.CommandRunnerImpl$2$1.run(CommandRunnerImpl.java:565)
	at java.base/java.security.AccessController.doPrivileged(AccessController.java:400)
	at java.base/javax.security.auth.Subject.doAs(Subject.java:453)
	at com.sun.enterprise.v3.admin.CommandRunnerImpl$2.execute(CommandRunnerImpl.java:564)
	at com.sun.enterprise.v3.admin.CommandRunnerImpl$3.run(CommandRunnerImpl.java:595)
	at com.sun.enterprise.v3.admin.CommandRunnerImpl$3.run(CommandRunnerImpl.java:587)
	at java.base/java.security.AccessController.doPrivileged(AccessController.java:400)
	at java.base/javax.security.auth.Subject.doAs(Subject.java:453)
	at com.sun.enterprise.v3.admin.CommandRunnerImpl.doCommand(CommandRunnerImpl.java:586)
	at com.sun.enterprise.v3.admin.CommandRunnerImpl.doCommand(CommandRunnerImpl.java:1477)
	at com.sun.enterprise.v3.admin.CommandRunnerImpl$ExecutionContext.execute(CommandRunnerImpl.java:1846)
	at com.sun.enterprise.v3.admin.CommandRunnerImpl$ExecutionContext.execute(CommandRunnerImpl.java:1722)
	at org.glassfish.deployment.admin.UndeployCommand.execute(UndeployCommand.java:353)
	at com.sun.enterprise.v3.admin.CommandRunnerImpl$2$1.run(CommandRunnerImpl.java:569)
	at com.sun.enterprise.v3.admin.CommandRunnerImpl$2$1.run(CommandRunnerImpl.java:565)
	at java.base/java.security.AccessController.doPrivileged(AccessController.java:400)
	at java.base/javax.security.auth.Subject.doAs(Subject.java:453)
	at com.sun.enterprise.v3.admin.CommandRunnerImpl$2.execute(CommandRunnerImpl.java:564)
	at com.sun.enterprise.v3.admin.CommandRunnerImpl$3.run(CommandRunnerImpl.java:595)
	at com.sun.enterprise.v3.admin.CommandRunnerImpl$3.run(CommandRunnerImpl.java:587)
	at java.base/java.security.AccessController.doPrivileged(AccessController.java:400)
	at java.base/javax.security.auth.Subject.doAs(Subject.java:453)
	at com.sun.enterprise.v3.admin.CommandRunnerImpl.doCommand(CommandRunnerImpl.java:586)
	at com.sun.enterprise.v3.admin.CommandRunnerImpl.doCommand(CommandRunnerImpl.java:1477)
	at com.sun.enterprise.v3.admin.CommandRunnerImpl$ExecutionContext.execute(CommandRunnerImpl.java:1846)
	at com.sun.enterprise.v3.admin.CommandRunnerImpl$ExecutionContext.execute(CommandRunnerImpl.java:1722)
	at com.sun.enterprise.v3.admin.AdminAdapter.doCommand(AdminAdapter.java:536)
	at com.sun.enterprise.v3.admin.AdminAdapter.onMissingResource(AdminAdapter.java:223)
	at org.glassfish.grizzly.http.server.StaticHttpHandlerBase.service(StaticHttpHandlerBase.java:150)
	at com.sun.enterprise.v3.services.impl.ContainerMapper$HttpHandlerCallable.call(ContainerMapper.java:425)
	at com.sun.enterprise.v3.services.impl.ContainerMapper.service(ContainerMapper.java:144)
	at org.glassfish.grizzly.http.server.HttpHandler.runService(HttpHandler.java:174)
	at org.glassfish.grizzly.http.server.HttpHandler.doHandle(HttpHandler.java:153)
	at org.glassfish.grizzly.http.server.HttpServerFilter.handleRead(HttpServerFilter.java:196)
	at org.glassfish.grizzly.filterchain.ExecutorResolver$9.execute(ExecutorResolver.java:88)
	at org.glassfish.grizzly.filterchain.DefaultFilterChain.executeFilter(DefaultFilterChain.java:246)
	at org.glassfish.grizzly.filterchain.DefaultFilterChain.executeChainPart(DefaultFilterChain.java:178)
	at org.glassfish.grizzly.filterchain.DefaultFilterChain.execute(DefaultFilterChain.java:118)
	at org.glassfish.grizzly.filterchain.DefaultFilterChain.process(DefaultFilterChain.java:96)
	at org.glassfish.grizzly.ProcessorExecutor.execute(ProcessorExecutor.java:51)
	at org.glassfish.grizzly.nio.transport.TCPNIOTransport.fireIOEvent(TCPNIOTransport.java:510)
	at org.glassfish.grizzly.strategies.AbstractIOStrategy.fireIOEvent(AbstractIOStrategy.java:82)
	at org.glassfish.grizzly.strategies.WorkerThreadIOStrategy.run0(WorkerThreadIOStrategy.java:83)
	at org.glassfish.grizzly.strategies.WorkerThreadIOStrategy$WorkerThreadRunnable.run(WorkerThreadIOStrategy.java:101)
	at org.glassfish.grizzly.threadpool.AbstractThreadPool$Worker.doWork(AbstractThreadPool.java:535)
	at org.glassfish.grizzly.threadpool.AbstractThreadPool$Worker.run(AbstractThreadPool.java:515)
	at java.base/java.lang.Thread.run(Thread.java:1583)
Caused by: java.net.SocketException: Connection reset
	at java.base/sun.nio.ch.NioSocketImpl.implRead(NioSocketImpl.java:318)
	at java.base/sun.nio.ch.NioSocketImpl.read(NioSocketImpl.java:346)
	at java.base/sun.nio.ch.NioSocketImpl$1.read(NioSocketImpl.java:796)
	at java.base/java.net.Socket$SocketInputStream.read(Socket.java:1099)
	at com.microsoft.sqlserver.jdbc.TDSChannel$ProxyInputStream.readInternal(IOBuffer.java:1193)
	at com.microsoft.sqlserver.jdbc.TDSChannel$ProxyInputStream.read(IOBuffer.java:1179)
	at com.microsoft.sqlserver.jdbc.TDSChannel.read(IOBuffer.java:2151)
	... 75 more
2024-05-02 22:30:59 ERROR ConnectionPool:33 - Can not get Instance
java.lang.RuntimeException: Pool can not initialize
	at org.example.laba_13.Connection.ConnectionPool.init(ConnectionPool.java:80)
	at org.example.laba_13.Connection.ConnectionPool.<init>(ConnectionPool.java:46)
	at org.example.laba_13.Connection.ConnectionPool.getInstance(ConnectionPool.java:30)
	at org.example.laba_13.Controller.ControllerServlet.destroy(ControllerServlet.java:29)
	at org.apache.catalina.core.StandardWrapper.unload(StandardWrapper.java:1542)
	at org.apache.catalina.core.StandardWrapper.stop(StandardWrapper.java:1805)
	at org.apache.catalina.core.StandardContext.stop(StandardContext.java:4685)
	at com.sun.enterprise.web.WebModule.stop(WebModule.java:581)
	at org.apache.catalina.core.ContainerBase.removeChild(ContainerBase.java:1075)
	at com.sun.enterprise.web.WebContainer.unloadWebModule(WebContainer.java:1924)
	at com.sun.enterprise.web.WebContainer.unloadWebModule(WebContainer.java:1886)
	at com.sun.enterprise.web.WebApplication.stop(WebApplication.java:139)
	at org.glassfish.internal.data.EngineRef.stop(EngineRef.java:135)
	at org.glassfish.internal.data.ModuleInfo.stop(ModuleInfo.java:296)
	at org.glassfish.internal.data.ApplicationInfo.stop(ApplicationInfo.java:383)
	at com.sun.enterprise.v3.server.ApplicationLifecycle.unload(ApplicationLifecycle.java:1112)
	at com.sun.enterprise.v3.server.ApplicationLifecycle.disable(ApplicationLifecycle.java:2142)
	at com.sun.enterprise.v3.server.ApplicationLifecycle.disable(ApplicationLifecycle.java:152)
	at org.glassfish.deployment.admin.DisableCommand.execute(DisableCommand.java:354)
	at com.sun.enterprise.v3.admin.CommandRunnerImpl$2$1.run(CommandRunnerImpl.java:569)
	at com.sun.enterprise.v3.admin.CommandRunnerImpl$2$1.run(CommandRunnerImpl.java:565)
	at java.base/java.security.AccessController.doPrivileged(AccessController.java:400)
	at java.base/javax.security.auth.Subject.doAs(Subject.java:453)
	at com.sun.enterprise.v3.admin.CommandRunnerImpl$2.execute(CommandRunnerImpl.java:564)
	at com.sun.enterprise.v3.admin.CommandRunnerImpl$3.run(CommandRunnerImpl.java:595)
	at com.sun.enterprise.v3.admin.CommandRunnerImpl$3.run(CommandRunnerImpl.java:587)
	at java.base/java.security.AccessController.doPrivileged(AccessController.java:400)
	at java.base/javax.security.auth.Subject.doAs(Subject.java:453)
	at com.sun.enterprise.v3.admin.CommandRunnerImpl.doCommand(CommandRunnerImpl.java:586)
	at com.sun.enterprise.v3.admin.CommandRunnerImpl.doCommand(CommandRunnerImpl.java:1477)
	at com.sun.enterprise.v3.admin.CommandRunnerImpl$ExecutionContext.execute(CommandRunnerImpl.java:1846)
	at com.sun.enterprise.v3.admin.CommandRunnerImpl$ExecutionContext.execute(CommandRunnerImpl.java:1722)
	at org.glassfish.deployment.admin.UndeployCommand.execute(UndeployCommand.java:353)
	at com.sun.enterprise.v3.admin.CommandRunnerImpl$2$1.run(CommandRunnerImpl.java:569)
	at com.sun.enterprise.v3.admin.CommandRunnerImpl$2$1.run(CommandRunnerImpl.java:565)
	at java.base/java.security.AccessController.doPrivileged(AccessController.java:400)
	at java.base/javax.security.auth.Subject.doAs(Subject.java:453)
	at com.sun.enterprise.v3.admin.CommandRunnerImpl$2.execute(CommandRunnerImpl.java:564)
	at com.sun.enterprise.v3.admin.CommandRunnerImpl$3.run(CommandRunnerImpl.java:595)
	at com.sun.enterprise.v3.admin.CommandRunnerImpl$3.run(CommandRunnerImpl.java:587)
	at java.base/java.security.AccessController.doPrivileged(AccessController.java:400)
	at java.base/javax.security.auth.Subject.doAs(Subject.java:453)
	at com.sun.enterprise.v3.admin.CommandRunnerImpl.doCommand(CommandRunnerImpl.java:586)
	at com.sun.enterprise.v3.admin.CommandRunnerImpl.doCommand(CommandRunnerImpl.java:1477)
	at com.sun.enterprise.v3.admin.CommandRunnerImpl$ExecutionContext.execute(CommandRunnerImpl.java:1846)
	at com.sun.enterprise.v3.admin.CommandRunnerImpl$ExecutionContext.execute(CommandRunnerImpl.java:1722)
	at com.sun.enterprise.v3.admin.AdminAdapter.doCommand(AdminAdapter.java:536)
	at com.sun.enterprise.v3.admin.AdminAdapter.onMissingResource(AdminAdapter.java:223)
	at org.glassfish.grizzly.http.server.StaticHttpHandlerBase.service(StaticHttpHandlerBase.java:150)
	at com.sun.enterprise.v3.services.impl.ContainerMapper$HttpHandlerCallable.call(ContainerMapper.java:425)
	at com.sun.enterprise.v3.services.impl.ContainerMapper.service(ContainerMapper.java:144)
	at org.glassfish.grizzly.http.server.HttpHandler.runService(HttpHandler.java:174)
	at org.glassfish.grizzly.http.server.HttpHandler.doHandle(HttpHandler.java:153)
	at org.glassfish.grizzly.http.server.HttpServerFilter.handleRead(HttpServerFilter.java:196)
	at org.glassfish.grizzly.filterchain.ExecutorResolver$9.execute(ExecutorResolver.java:88)
	at org.glassfish.grizzly.filterchain.DefaultFilterChain.executeFilter(DefaultFilterChain.java:246)
	at org.glassfish.grizzly.filterchain.DefaultFilterChain.executeChainPart(DefaultFilterChain.java:178)
	at org.glassfish.grizzly.filterchain.DefaultFilterChain.execute(DefaultFilterChain.java:118)
	at org.glassfish.grizzly.filterchain.DefaultFilterChain.process(DefaultFilterChain.java:96)
	at org.glassfish.grizzly.ProcessorExecutor.execute(ProcessorExecutor.java:51)
	at org.glassfish.grizzly.nio.transport.TCPNIOTransport.fireIOEvent(TCPNIOTransport.java:510)
	at org.glassfish.grizzly.strategies.AbstractIOStrategy.fireIOEvent(AbstractIOStrategy.java:82)
	at org.glassfish.grizzly.strategies.WorkerThreadIOStrategy.run0(WorkerThreadIOStrategy.java:83)
	at org.glassfish.grizzly.strategies.WorkerThreadIOStrategy$WorkerThreadRunnable.run(WorkerThreadIOStrategy.java:101)
	at org.glassfish.grizzly.threadpool.AbstractThreadPool$Worker.doWork(AbstractThreadPool.java:535)
	at org.glassfish.grizzly.threadpool.AbstractThreadPool$Worker.run(AbstractThreadPool.java:515)
	at java.base/java.lang.Thread.run(Thread.java:1583)
Caused by: com.microsoft.sqlserver.jdbc.SQLServerException: Connection reset ClientConnectionId:1fc80980-d0c4-49f1-a2de-f876cdd88fe3
	at com.microsoft.sqlserver.jdbc.SQLServerConnection.terminate(SQLServerConnection.java:3937)
	at com.microsoft.sqlserver.jdbc.TDSChannel.read(IOBuffer.java:2162)
	at com.microsoft.sqlserver.jdbc.SQLServerConnection.prelogin(SQLServerConnection.java:3647)
	at com.microsoft.sqlserver.jdbc.SQLServerConnection.connectHelper(SQLServerConnection.java:3452)
	at com.microsoft.sqlserver.jdbc.SQLServerConnection.login(SQLServerConnection.java:3077)
	at com.microsoft.sqlserver.jdbc.SQLServerConnection.connectInternal(SQLServerConnection.java:2919)
	at com.microsoft.sqlserver.jdbc.SQLServerConnection.connect(SQLServerConnection.java:1787)
	at com.microsoft.sqlserver.jdbc.SQLServerDriver.connect(SQLServerDriver.java:1229)
	at java.sql/java.sql.DriverManager.getConnection(DriverManager.java:683)
	at java.sql/java.sql.DriverManager.getConnection(DriverManager.java:230)
	at org.example.laba_13.Connection.ConnectionPool.init(ConnectionPool.java:76)
	... 66 more
Caused by: java.net.SocketException: Connection reset
	at java.base/sun.nio.ch.NioSocketImpl.implRead(NioSocketImpl.java:318)
	at java.base/sun.nio.ch.NioSocketImpl.read(NioSocketImpl.java:346)
	at java.base/sun.nio.ch.NioSocketImpl$1.read(NioSocketImpl.java:796)
	at java.base/java.net.Socket$SocketInputStream.read(Socket.java:1099)
	at com.microsoft.sqlserver.jdbc.TDSChannel$ProxyInputStream.readInternal(IOBuffer.java:1193)
	at com.microsoft.sqlserver.jdbc.TDSChannel$ProxyInputStream.read(IOBuffer.java:1179)
	at com.microsoft.sqlserver.jdbc.TDSChannel.read(IOBuffer.java:2151)
	... 75 more
2024-05-20 19:08:14 INFO  LoginRequiredFilter:21 - Filter is working command= register_new_user
2024-05-20 19:08:14 INFO  ControllerServlet:46 - command = register_new_user
2024-05-20 19:08:14 INFO  ConnectionPool:99 - Connection was released, the are free connection 1
2024-05-20 19:08:14 INFO  RegisterNewUserCommand:44 - invalid login or password format was received:Optional[User1]
2024-05-20 19:08:27 INFO  LoginRequiredFilter:21 - Filter is working command= login
2024-05-20 19:08:27 INFO  ControllerServlet:46 - command = login
2024-05-20 19:08:27 INFO  ConnectionPool:99 - Connection was released, the are free connection 1
2024-05-20 19:08:27 INFO  LoginCommand:48 - user with such login and password doesn't exist
2024-05-20 19:08:59 INFO  LoginRequiredFilter:21 - Filter is working command= login
2024-05-20 19:08:59 INFO  ControllerServlet:46 - command = login
2024-05-20 19:09:00 INFO  ConnectionPool:99 - Connection was released, the are free connection 1
2024-05-20 19:09:00 INFO  LoginCommand:48 - user with such login and password doesn't exist
2024-05-20 19:09:11 INFO  LoginRequiredFilter:21 - Filter is working command= login
2024-05-20 19:09:11 INFO  ControllerServlet:46 - command = login
2024-05-20 19:09:11 INFO  ConnectionPool:99 - Connection was released, the are free connection 1
2024-05-20 19:09:11 INFO  LoginCommand:48 - user with such login and password doesn't exist
2024-05-20 19:09:38 INFO  LoginRequiredFilter:21 - Filter is working command= login
2024-05-20 19:09:38 INFO  ControllerServlet:46 - command = login
2024-05-20 19:09:38 INFO  ConnectionPool:99 - Connection was released, the are free connection 1
2024-05-20 19:09:38 INFO  LoginCommand:51 - user has been authorized: login:Optional[User8] password:Optional[1234]
2024-05-20 19:09:38 INFO  ControllerServlet:46 - command = welcome
2024-05-20 19:09:39 INFO  ConnectionPool:99 - Connection was released, the are free connection 1
2024-05-20 19:09:55 INFO  LoginRequiredFilter:21 - Filter is working command= add_new_class
2024-05-20 19:09:55 INFO  ControllerServlet:46 - command = add_new_class
2024-05-20 19:09:55 INFO  AbstractRepository:89 - SQLServerPreparedStatement:5
2024-05-20 19:09:55 INFO  ConnectionPool:99 - Connection was released, the are free connection 1
2024-05-20 19:09:55 INFO  ConnectionPool:99 - Connection was released, the are free connection 1
2024-05-20 19:10:03 INFO  LoginRequiredFilter:21 - Filter is working command= remove_class
2024-05-20 19:10:03 INFO  ControllerServlet:46 - command = remove_class
2024-05-20 19:10:03 INFO  ConnectionPool:99 - Connection was released, the are free connection 1
2024-05-20 19:10:03 INFO  ConnectionPool:99 - Connection was released, the are free connection 1
2024-05-20 19:18:21 INFO  LoginRequiredFilter:21 - Filter is working command= register_new_user
2024-05-20 19:18:21 INFO  ControllerServlet:46 - command = register_new_user
2024-05-20 19:18:22 INFO  ConnectionPool:99 - Connection was released, the are free connection 1
2024-05-20 19:18:22 INFO  RegisterNewUserCommand:44 - invalid login or password format was received:Optional[User8]
2024-05-20 19:18:49 INFO  LoginRequiredFilter:21 - Filter is working command= register_new_user
2024-05-20 19:18:49 INFO  ControllerServlet:46 - command = register_new_user
2024-05-20 19:18:49 INFO  ConnectionPool:99 - Connection was released, the are free connection 1
2024-05-20 19:18:49 INFO  RegisterNewUserCommand:44 - invalid login or password format was received:Optional[User8]
2024-05-20 19:19:56 INFO  LoginRequiredFilter:21 - Filter is working command= login
2024-05-20 19:19:56 INFO  ControllerServlet:46 - command = login
2024-05-20 19:19:57 INFO  ConnectionPool:99 - Connection was released, the are free connection 1
2024-05-20 19:19:57 INFO  LoginCommand:51 - user has been authorized: login:Optional[User8] password:Optional[1234]
2024-05-20 19:19:57 INFO  ControllerServlet:46 - command = welcome
2024-05-20 19:19:57 INFO  ConnectionPool:99 - Connection was released, the are free connection 1
2024-05-20 19:20:13 INFO  LoginRequiredFilter:21 - Filter is working command= add_new_class
2024-05-20 19:20:13 INFO  ControllerServlet:46 - command = add_new_class
2024-05-20 19:20:13 INFO  AbstractRepository:89 - SQLServerPreparedStatement:3
2024-05-20 19:20:13 INFO  ConnectionPool:99 - Connection was released, the are free connection 1
2024-05-20 19:20:13 INFO  ConnectionPool:99 - Connection was released, the are free connection 1
2024-05-20 19:20:19 INFO  LoginRequiredFilter:21 - Filter is working command= remove_class
2024-05-20 19:20:19 INFO  ControllerServlet:46 - command = remove_class
2024-05-20 19:20:19 INFO  ConnectionPool:99 - Connection was released, the are free connection 1
2024-05-20 19:20:19 INFO  ConnectionPool:99 - Connection was released, the are free connection 1
